<?xml version="1.0" encoding="UTF-8"?>
<testsuite name="fr.univartois.butinfo.sae.model.EauTest" tests="2" skipped="0" failures="0" errors="0" timestamp="2025-06-11T13:05:07" hostname="Lenovo-LOQ-15ARP9" time="0.002">
  <properties/>
  <testcase name="Compare les identifiants des bouteilles ." classname="fr.univartois.butinfo.sae.model.EauTest" time="0.0"/>
  <testcase name="Test la méthode Equals." classname="fr.univartois.butinfo.sae.model.EauTest" time="0.001"/>
  <system-out><![CDATA[]]></system-out>
  <system-err><![CDATA[]]></system-err>
</testsuite>
