<?xml version="1.0" encoding="UTF-8"?>
<testsuite name="fr.univartois.butinfo.sae.model.StockGlobalTest" tests="3" skipped="0" failures="0" errors="0" timestamp="2025-06-11T13:05:07" hostname="Lenovo-LOQ-15ARP9" time="0.003">
  <properties/>
  <testcase name="Test de quantité des stocks." classname="fr.univartois.butinfo.sae.model.StockGlobalTest" time="0.001"/>
  <testcase name="Test l'ajout d'un stock." classname="fr.univartois.butinfo.sae.model.StockGlobalTest" time="0.0"/>
  <testcase name="Test la suppression d'un stock." classname="fr.univartois.butinfo.sae.model.StockGlobalTest" time="0.0"/>
  <system-out><![CDATA[]]></system-out>
  <system-err><![CDATA[]]></system-err>
</testsuite>
