<?xml version="1.0" encoding="UTF-8"?>
<testsuite name="fr.univartois.butinfo.sae.model.CommuneTest" tests="2" skipped="0" failures="0" errors="0" timestamp="2025-06-11T13:05:07" hostname="Lenovo-LOQ-15ARP9" time="0.003">
  <properties/>
  <testcase name="Test la méthode toString." classname="fr.univartois.butinfo.sae.model.CommuneTest" time="0.001"/>
  <testcase name="Test le constructeur et les accesseurs." classname="fr.univartois.butinfo.sae.model.CommuneTest" time="0.001"/>
  <system-out><![CDATA[]]></system-out>
  <system-err><![CDATA[]]></system-err>
</testsuite>
